<?xml version="1.0" encoding="UTF-8"?>
<!-- Generated by org.testng.reporters.JUnitReportReporter -->
<testsuite hostname="ARPGL001840" failures="0" tests="1"
	name="com.mail.testcases.testing" time="10.682" errors="0"
	timestamp="2021-02-22T22:58:49 IST" skipped="0">
	<testcase classname="com.mail.testcases.testing" name="main"
		time="10.682" />
	<system-out />
</testsuite> <!-- com.mail.testcases.testing -->
